{"sessionId": "21d81f", "location": "app.py:logo_path", "message": "logo path resolution", "data": {"project_root": "D:\\Study\\Work_Space\\XiangXu", "logo_path": "D:\\Study\\Work_Space\\XiangXu\\images\\logo.jpg", "exists": true}, "hypothesisId": "H1", "timestamp": 1773196914879.8271}
{"sessionId": "21d81f", "location": "app.py:_set_window_icon", "message": "entry", "data": {"logo_path": "D:\\Study\\Work_Space\\XiangXu\\images\\logo.jpg"}, "hypothesisId": "H2", "timestamp": 1773196915696.9397}
{"sessionId": "21d81f", "location": "app.py:_set_window_icon", "message": "iconbitmap(ico) called", "data": {"ico_path": "C:\\Users\\nqr11\\AppData\\Local\\Temp\\tmpr060515z.ico"}, "hypothesisId": "H2", "timestamp": 1773196915756.5603}
{"sessionId": "21d81f", "location": "app.py:logo_path", "message": "logo path resolution", "data": {"project_root": "D:\\Study\\Work_Space\\XiangXu", "logo_path": "D:\\Study\\Work_Space\\XiangXu\\images\\logo.jpg", "exists": true}, "hypothesisId": "H1", "timestamp": 1773198020071.4426}
{"sessionId": "21d81f", "location": "app.py:_set_window_icon", "message": "entry", "data": {"logo_path": "D:\\Study\\Work_Space\\XiangXu\\images\\logo.jpg"}, "hypothesisId": "H2", "timestamp": 1773198020518.9768}
{"sessionId": "21d81f", "location": "app.py:_set_window_icon", "message": "iconbitmap(ico) called", "data": {"ico_path": "C:\\Users\\nqr11\\AppData\\Local\\Temp\\tmphp8qaw3c.ico"}, "hypothesisId": "H2", "timestamp": 1773198020560.9514}
{"sessionId": "21d81f", "location": "app.py:logo_path", "message": "logo path resolution", "data": {"project_root": "D:\\Study\\Work_Space\\XiangXu", "logo_path": "D:\\Study\\Work_Space\\XiangXu\\images\\logo.jpg", "exists": true}, "hypothesisId": "H1", "timestamp": 1773198038944.2495}
{"sessionId": "21d81f", "location": "app.py:_set_window_icon", "message": "entry", "data": {"logo_path": "D:\\Study\\Work_Space\\XiangXu\\images\\logo.jpg"}, "hypothesisId": "H2", "timestamp": 1773198039519.8474}
{"sessionId": "21d81f", "location": "app.py:_set_window_icon", "message": "iconbitmap(ico) called", "data": {"ico_path": "C:\\Users\\nqr11\\AppData\\Local\\Temp\\tmphvommzak.ico"}, "hypothesisId": "H2", "timestamp": 1773198039557.2263}
{"sessionId": "21d81f", "location": "app.py:logo_path", "message": "logo path resolution", "data": {"project_root": "D:\\Study\\Work_Space\\XiangXu", "logo_path": "D:\\Study\\Work_Space\\XiangXu\\images\\logo.jpg", "exists": true}, "hypothesisId": "H1", "timestamp": 1773198826224.9653}
{"sessionId": "21d81f", "location": "app.py:_set_window_icon", "message": "entry", "data": {"logo_path": "D:\\Study\\Work_Space\\XiangXu\\images\\logo.jpg"}, "hypothesisId": "H2", "timestamp": 1773198826731.0515}
{"sessionId": "21d81f", "location": "app.py:_set_window_icon", "message": "iconbitmap(ico) called", "data": {"ico_path": "C:\\Users\\nqr11\\AppData\\Local\\Temp\\tmpgvfhw41g.ico"}, "hypothesisId": "H2", "timestamp": 1773198826772.946}
{"sessionId": "21d81f", "location": "app.py:logo_path", "message": "logo path resolution", "data": {"project_root": "D:\\Study\\Work_Space\\XiangXu", "logo_path": "D:\\Study\\Work_Space\\XiangXu\\images\\logo.jpg", "exists": true}, "hypothesisId": "H1", "timestamp": 1773199000463.826}
{"sessionId": "21d81f", "location": "app.py:_set_window_icon", "message": "entry", "data": {"logo_path": "D:\\Study\\Work_Space\\XiangXu\\images\\logo.jpg"}, "hypothesisId": "H2", "timestamp": 1773199001230.0308}
{"sessionId": "21d81f", "location": "app.py:_set_window_icon", "message": "iconbitmap(ico) called", "data": {"ico_path": "C:\\Users\\nqr11\\AppData\\Local\\Temp\\tmp__3dtxko.ico"}, "hypothesisId": "H2", "timestamp": 1773199001272.4233}
{"sessionId": "21d81f", "location": "app.py:logo_path", "message": "logo path resolution", "data": {"project_root": "D:\\Study\\Work_Space\\XiangXu", "logo_path": "D:\\Study\\Work_Space\\XiangXu\\images\\logo.jpg", "exists": true}, "hypothesisId": "H1", "timestamp": 1773199106704.743}
{"sessionId": "21d81f", "location": "app.py:_set_window_icon", "message": "entry", "data": {"logo_path": "D:\\Study\\Work_Space\\XiangXu\\images\\logo.jpg"}, "hypothesisId": "H2", "timestamp": 1773199107471.2742}
{"sessionId": "21d81f", "location": "app.py:_set_window_icon", "message": "iconbitmap(ico) called", "data": {"ico_path": "C:\\Users\\nqr11\\AppData\\Local\\Temp\\tmp7pmiy2a5.ico"}, "hypothesisId": "H2", "timestamp": 1773199107512.6157}
{"sessionId": "21d81f", "location": "app.py:logo_path", "message": "logo path resolution", "data": {"project_root": "D:\\Study\\Work_Space\\XiangXu", "logo_path": "D:\\Study\\Work_Space\\XiangXu\\images\\logo.jpg", "exists": true}, "hypothesisId": "H1", "timestamp": 1773199170249.9343}
{"sessionId": "21d81f", "location": "app.py:_set_window_icon", "message": "entry", "data": {"logo_path": "D:\\Study\\Work_Space\\XiangXu\\images\\logo.jpg"}, "hypothesisId": "H2", "timestamp": 1773199170980.9233}
{"sessionId": "21d81f", "location": "app.py:_set_window_icon", "message": "iconbitmap(ico) called", "data": {"ico_path": "C:\\Users\\nqr11\\AppData\\Local\\Temp\\tmp5a748tvl.ico"}, "hypothesisId": "H2", "timestamp": 1773199171023.3171}
{"sessionId": "21d81f", "location": "app.py:logo_path", "message": "logo path resolution", "data": {"project_root": "D:\\Study\\Work_Space\\XiangXu", "logo_path": "D:\\Study\\Work_Space\\XiangXu\\images\\logo.jpg", "exists": true}, "hypothesisId": "H1", "timestamp": 1773211213042.524}
{"sessionId": "21d81f", "location": "app.py:_set_window_icon", "message": "entry", "data": {"logo_path": "D:\\Study\\Work_Space\\XiangXu\\images\\logo.jpg"}, "hypothesisId": "H2", "timestamp": 1773211217468.3936}
{"sessionId": "21d81f", "location": "app.py:_set_window_icon", "message": "iconbitmap(ico) called", "data": {"ico_path": "C:\\Users\\nqr11\\AppData\\Local\\Temp\\tmpkgickgag.ico"}, "hypothesisId": "H2", "timestamp": 1773211217551.5876}
{"sessionId": "21d81f", "location": "app.py:logo_path", "message": "logo path resolution", "data": {"project_root": "D:\\Study\\Work_Space\\XiangXu", "logo_path": "D:\\Study\\Work_Space\\XiangXu\\images\\logo.jpg", "exists": true}, "hypothesisId": "H1", "timestamp": 1773211281863.7249}
{"sessionId": "21d81f", "location": "app.py:_set_window_icon", "message": "entry", "data": {"logo_path": "D:\\Study\\Work_Space\\XiangXu\\images\\logo.jpg"}, "hypothesisId": "H2", "timestamp": 1773211285832.7126}
{"sessionId": "21d81f", "location": "app.py:_set_window_icon", "message": "iconbitmap(ico) called", "data": {"ico_path": "C:\\Users\\nqr11\\AppData\\Local\\Temp\\tmpubebkwy4.ico"}, "hypothesisId": "H2", "timestamp": 1773211285913.7349}
{"sessionId": "21d81f", "location": "app.py:logo_path", "message": "logo path resolution", "data": {"project_root": "D:\\Study\\Work_Space\\XiangXu", "logo_path": "D:\\Study\\Work_Space\\XiangXu\\images\\logo.jpg", "exists": true}, "hypothesisId": "H1", "timestamp": 1773226377545.1855}
{"sessionId": "21d81f", "location": "app.py:_set_window_icon", "message": "entry", "data": {"logo_path": "D:\\Study\\Work_Space\\XiangXu\\images\\logo.jpg"}, "hypothesisId": "H2", "timestamp": 1773226379601.6372}
{"sessionId": "21d81f", "location": "app.py:_set_window_icon", "message": "iconbitmap(ico) called", "data": {"ico_path": "C:\\Users\\nqr11\\AppData\\Local\\Temp\\tmpzg2ydrdb.ico"}, "hypothesisId": "H2", "timestamp": 1773226379662.3557}
{"sessionId": "21d81f", "location": "app.py:logo_path", "message": "logo path resolution", "data": {"project_root": "D:\\Study\\Work_Space\\XiangXu", "logo_path": "D:\\Study\\Work_Space\\XiangXu\\images\\logo.jpg", "exists": true}, "hypothesisId": "H1", "timestamp": 1773226417221.9795}
{"sessionId": "21d81f", "location": "app.py:_set_window_icon", "message": "entry", "data": {"logo_path": "D:\\Study\\Work_Space\\XiangXu\\images\\logo.jpg"}, "hypothesisId": "H2", "timestamp": 1773226418104.2954}
{"sessionId": "21d81f", "location": "app.py:_set_window_icon", "message": "iconbitmap(ico) called", "data": {"ico_path": "C:\\Users\\nqr11\\AppData\\Local\\Temp\\tmp18ifn5pl.ico"}, "hypothesisId": "H2", "timestamp": 1773226418138.6287}
{"sessionId": "21d81f", "location": "app.py:logo_path", "message": "logo path resolution", "data": {"project_root": "D:\\Study\\Work_Space\\XiangXu", "logo_path": "D:\\Study\\Work_Space\\XiangXu\\images\\logo.jpg", "exists": true}, "hypothesisId": "H1", "timestamp": 1773227665002.504}
{"sessionId": "21d81f", "location": "app.py:_set_window_icon", "message": "entry", "data": {"logo_path": "D:\\Study\\Work_Space\\XiangXu\\images\\logo.jpg"}, "hypothesisId": "H2", "timestamp": 1773227666234.661}
{"sessionId": "21d81f", "location": "app.py:_set_window_icon", "message": "iconbitmap(ico) called", "data": {"ico_path": "C:\\Users\\nqr11\\AppData\\Local\\Temp\\tmp69tkcqub.ico"}, "hypothesisId": "H2", "timestamp": 1773227666273.061}
{"sessionId": "21d81f", "location": "app.py:logo_path", "message": "logo path resolution", "data": {"project_root": "D:\\Study\\Work_Space\\XiangXu", "logo_path": "D:\\Study\\Work_Space\\XiangXu\\images\\logo.jpg", "exists": true}, "hypothesisId": "H1", "timestamp": 1773227742391.5627}
{"sessionId": "21d81f", "location": "app.py:_set_window_icon", "message": "entry", "data": {"logo_path": "D:\\Study\\Work_Space\\XiangXu\\images\\logo.jpg"}, "hypothesisId": "H2", "timestamp": 1773227743141.2278}
{"sessionId": "21d81f", "location": "app.py:_set_window_icon", "message": "iconbitmap(ico) called", "data": {"ico_path": "C:\\Users\\nqr11\\AppData\\Local\\Temp\\tmpm1swm0kb.ico"}, "hypothesisId": "H2", "timestamp": 1773227743179.4758}
{"sessionId": "21d81f", "location": "app.py:logo_path", "message": "logo path resolution", "data": {"project_root": "D:\\Study\\Work_Space\\XiangXu", "logo_path": "D:\\Study\\Work_Space\\XiangXu\\images\\logo.jpg", "exists": true}, "hypothesisId": "H1", "timestamp": 1773229378055.0146}
{"sessionId": "21d81f", "location": "app.py:_set_window_icon", "message": "entry", "data": {"logo_path": "D:\\Study\\Work_Space\\XiangXu\\images\\logo.jpg"}, "hypothesisId": "H2", "timestamp": 1773229379773.7695}
{"sessionId": "21d81f", "location": "app.py:_set_window_icon", "message": "iconbitmap(ico) called", "data": {"ico_path": "C:\\Users\\nqr11\\AppData\\Local\\Temp\\tmpfxwf0qa6.ico"}, "hypothesisId": "H2", "timestamp": 1773229379809.2917}
{"sessionId": "21d81f", "location": "app.py:logo_path", "message": "logo path resolution", "data": {"project_root": "D:\\Study\\Work_Space\\XiangXu", "logo_path": "D:\\Study\\Work_Space\\XiangXu\\images\\logo.jpg", "exists": true}, "hypothesisId": "H1", "timestamp": 1773229838435.7793}
{"sessionId": "21d81f", "location": "app.py:_set_window_icon", "message": "entry", "data": {"logo_path": "D:\\Study\\Work_Space\\XiangXu\\images\\logo.jpg"}, "hypothesisId": "H2", "timestamp": 1773229839257.025}
{"sessionId": "21d81f", "location": "app.py:_set_window_icon", "message": "iconbitmap(ico) called", "data": {"ico_path": "C:\\Users\\nqr11\\AppData\\Local\\Temp\\tmpgvlncmi6.ico"}, "hypothesisId": "H2", "timestamp": 1773229839294.6494}
{"sessionId": "21d81f", "location": "app.py:logo_path", "message": "logo path resolution", "data": {"project_root": "D:\\Study\\Work_Space\\XiangXu", "logo_path": "D:\\Study\\Work_Space\\XiangXu\\images\\logo.jpg", "exists": true}, "hypothesisId": "H1", "timestamp": 1773322368721.5269}
{"sessionId": "21d81f", "location": "app.py:_set_window_icon", "message": "entry", "data": {"logo_path": "D:\\Study\\Work_Space\\XiangXu\\images\\logo.jpg"}, "hypothesisId": "H2", "timestamp": 1773322371058.6052}
{"sessionId": "21d81f", "location": "app.py:_set_window_icon", "message": "iconbitmap(ico) called", "data": {"ico_path": "C:\\Users\\nqr11\\AppData\\Local\\Temp\\tmpda_mxwd5.ico"}, "hypothesisId": "H2", "timestamp": 1773322371136.0083}
{"sessionId": "21d81f", "location": "app.py:logo_path", "message": "logo path resolution", "data": {"project_root": "D:\\Study\\Work_Space\\XiangXu", "logo_path": "D:\\Study\\Work_Space\\XiangXu\\images\\logo.jpg", "exists": true}, "hypothesisId": "H1", "timestamp": 1773322397415.559}
{"sessionId": "21d81f", "location": "app.py:_set_window_icon", "message": "entry", "data": {"logo_path": "D:\\Study\\Work_Space\\XiangXu\\images\\logo.jpg"}, "hypothesisId": "H2", "timestamp": 1773322398226.5781}
{"sessionId": "21d81f", "location": "app.py:_set_window_icon", "message": "iconbitmap(ico) called", "data": {"ico_path": "C:\\Users\\nqr11\\AppData\\Local\\Temp\\tmpba2ep3eo.ico"}, "hypothesisId": "H2", "timestamp": 1773322398263.2327}
{"sessionId": "21d81f", "location": "app.py:logo_path", "message": "logo path resolution", "data": {"project_root": "D:\\Study\\Work_Space\\XiangXu", "logo_path": "D:\\Study\\Work_Space\\XiangXu\\images\\logo.jpg", "exists": true}, "hypothesisId": "H1", "timestamp": 1773322447313.9797}
{"sessionId": "21d81f", "location": "app.py:_set_window_icon", "message": "entry", "data": {"logo_path": "D:\\Study\\Work_Space\\XiangXu\\images\\logo.jpg"}, "hypothesisId": "H2", "timestamp": 1773322448154.9458}
{"sessionId": "21d81f", "location": "app.py:_set_window_icon", "message": "iconbitmap(ico) called", "data": {"ico_path": "C:\\Users\\nqr11\\AppData\\Local\\Temp\\tmpam4d0uxe.ico"}, "hypothesisId": "H2", "timestamp": 1773322448194.6687}
{"sessionId": "21d81f", "location": "app.py:logo_path", "message": "logo path resolution", "data": {"project_root": "D:\\Study\\Work_Space\\XiangXu", "logo_path": "D:\\Study\\Work_Space\\XiangXu\\images\\logo.jpg", "exists": true}, "hypothesisId": "H1", "timestamp": 1773322530024.8594}
{"sessionId": "21d81f", "location": "app.py:_set_window_icon", "message": "entry", "data": {"logo_path": "D:\\Study\\Work_Space\\XiangXu\\images\\logo.jpg"}, "hypothesisId": "H2", "timestamp": 1773322530794.286}
{"sessionId": "21d81f", "location": "app.py:_set_window_icon", "message": "iconbitmap(ico) called", "data": {"ico_path": "C:\\Users\\nqr11\\AppData\\Local\\Temp\\tmp69pxgls4.ico"}, "hypothesisId": "H2", "timestamp": 1773322530832.5874}
{"sessionId": "21d81f", "location": "app.py:logo_path", "message": "logo path resolution", "data": {"project_root": "D:\\Study\\Work_Space\\XiangXu", "logo_path": "D:\\Study\\Work_Space\\XiangXu\\images\\logo.jpg", "exists": true}, "hypothesisId": "H1", "timestamp": 1773322575161.313}
{"sessionId": "21d81f", "location": "app.py:_set_window_icon", "message": "entry", "data": {"logo_path": "D:\\Study\\Work_Space\\XiangXu\\images\\logo.jpg"}, "hypothesisId": "H2", "timestamp": 1773322575991.4172}
{"sessionId": "21d81f", "location": "app.py:_set_window_icon", "message": "iconbitmap(ico) called", "data": {"ico_path": "C:\\Users\\nqr11\\AppData\\Local\\Temp\\tmpsz9tgasd.ico"}, "hypothesisId": "H2", "timestamp": 1773322576028.7834}
{"sessionId": "21d81f", "location": "app.py:logo_path", "message": "logo path resolution", "data": {"project_root": "D:\\Study\\Work_Space\\XiangXu", "logo_path": "D:\\Study\\Work_Space\\XiangXu\\images\\logo.jpg", "exists": true}, "hypothesisId": "H1", "timestamp": 1773480329835.3013}
{"sessionId": "21d81f", "location": "app.py:_set_window_icon", "message": "entry", "data": {"logo_path": "D:\\Study\\Work_Space\\XiangXu\\images\\logo.jpg"}, "hypothesisId": "H2", "timestamp": 1773480332277.8718}
{"sessionId": "21d81f", "location": "app.py:_set_window_icon", "message": "iconbitmap(ico) called", "data": {"ico_path": "C:\\Users\\nqr11\\AppData\\Local\\Temp\\tmpdt_m5837.ico"}, "hypothesisId": "H2", "timestamp": 1773480332345.268}
{"sessionId": "21d81f", "location": "app.py:logo_path", "message": "logo path resolution", "data": {"project_root": "D:\\Study\\Work_Space\\XiangXu", "logo_path": "D:\\Study\\Work_Space\\XiangXu\\images\\logo.jpg", "exists": true}, "hypothesisId": "H1", "timestamp": 1773480691444.9602}
{"sessionId": "21d81f", "location": "app.py:_set_window_icon", "message": "entry", "data": {"logo_path": "D:\\Study\\Work_Space\\XiangXu\\images\\logo.jpg"}, "hypothesisId": "H2", "timestamp": 1773480693140.7896}
{"sessionId": "21d81f", "location": "app.py:_set_window_icon", "message": "iconbitmap(ico) called", "data": {"ico_path": "C:\\Users\\nqr11\\AppData\\Local\\Temp\\tmpain2nlgg.ico"}, "hypothesisId": "H2", "timestamp": 1773480693180.7505}
